#
# There is insufficient memory for the Java Runtime Environment to continue.
# Native memory allocation (mmap) failed to map 2097152 bytes for G1 virtual space
# Possible reasons:
#   The system is out of physical RAM or swap space
#   The process is running with CompressedOops enabled, and the Java Heap may be blocking the growth of the native heap
# Possible solutions:
#   Reduce memory load on the system
#   Increase physical memory or swap space
#   Check if swap backing store is full
#   Decrease Java heap size (-Xmx/-Xms)
#   Decrease number of Java threads
#   Decrease Java thread stack sizes (-Xss)
#   Set larger code cache with -XX:ReservedCodeCacheSize=
#   JVM is running with Zero Based Compressed Oops mode in which the Java heap is
#     placed in the first 32GB address space. The Java Heap base address is the
#     maximum limit for the native heap growth. Please use -XX:HeapBaseMinAddress
#     to set the Java Heap base and to place the Java Heap above 32GB virtual address.
# This output file may be truncated or incomplete.
#
#  Out of Memory Error (os_windows.cpp:3535), pid=3276, tid=2196
#
# JRE version: OpenJDK Runtime Environment Temurin-17.0.3+7 (17.0.3+7) (build 17.0.3+7)
# Java VM: OpenJDK 64-Bit Server VM Temurin-17.0.3+7 (17.0.3+7, mixed mode, tiered, compressed oops, compressed class ptrs, g1 gc, windows-amd64)
# No core dump will be written. Minidumps are not enabled by default on client versions of Windows
#

---------------  S U M M A R Y ------------

Command Line: -Dfile.encoding=UTF-8 -XX:+ShowCodeDetailsInExceptionMessages method.tt

Host: 11th Gen Intel(R) Core(TM) i7-11700 @ 2.50GHz, 16 cores, 15G,  Windows 11 , 64 bit Build 22621 (10.0.22621.2070)
Time: Thu Aug 24 13:38:38 2023  Windows 11 , 64 bit Build 22621 (10.0.22621.2070) elapsed time: 4.000309 seconds (0d 0h 0m 4s)

---------------  T H R E A D  ---------------

Current thread (0x000001ccff699550):  JavaThread "main" [_thread_in_vm, id=2196, stack(0x000000607bb00000,0x000000607bc00000)]

Stack: [0x000000607bb00000,0x000000607bc00000]
Native frames: (J=compiled Java code, j=interpreted, Vv=VM code, C=native code)
V  [jvm.dll+0x675efa]
V  [jvm.dll+0x830a24]
V  [jvm.dll+0x8321ce]
V  [jvm.dll+0x832833]
V  [jvm.dll+0x2454b5]
V  [jvm.dll+0x672de9]
V  [jvm.dll+0x667732]
V  [jvm.dll+0x3043ab]
V  [jvm.dll+0x30b8f6]
V  [jvm.dll+0x35b31b]
V  [jvm.dll+0x35b944]
V  [jvm.dll+0x35b4f6]
V  [jvm.dll+0x2db794]
V  [jvm.dll+0x2d77d6]
V  [jvm.dll+0x6092e3]
V  [jvm.dll+0x210185]
V  [jvm.dll+0x7faa56]
V  [jvm.dll+0x38150a]
C  0x000001cc835fb92d

Java frames: (J=compiled Java code, j=interpreted, Vv=VM code)
j  java.util.Arrays.copyOf([BI)[B+1 java.base@17.0.3
J 97 c2 java.util.Arrays.toString([C)Ljava/lang/String; java.base@17.0.3 (76 bytes) @ 0x000001cc8b188180 [0x000001cc8b187d40+0x0000000000000440]
J 95% c2 method.tt.main([Ljava/lang/String;)V (102 bytes) @ 0x000001cc8b1861d4 [0x000001cc8b186120+0x00000000000000b4]
v  ~StubRoutines::call_stub

---------------  P R O C E S S  ---------------

Threads class SMR info:
_java_thread_list=0x000001cc9f607d10, length=12, elements={
0x000001ccff699550, 0x000001cc9f43c560, 0x000001cc9f43cf10, 0x000001cc9f4b8530,
0x000001cc9f4b8ee0, 0x000001cc9f4b9890, 0x000001cc9f4b9e50, 0x000001cc9f453bb0,
0x000001cc9f455ce0, 0x000001cc9f456eb0, 0x000001cc9f63a8f0, 0x000001cc9f63bb80
}

Java Threads: ( => current thread )
=>0x000001ccff699550 JavaThread "main" [_thread_in_vm, id=2196, stack(0x000000607bb00000,0x000000607bc00000)]
  0x000001cc9f43c560 JavaThread "Reference Handler" daemon [_thread_blocked, id=10064, stack(0x000000607c200000,0x000000607c300000)]
  0x000001cc9f43cf10 JavaThread "Finalizer" daemon [_thread_blocked, id=11092, stack(0x000000607c300000,0x000000607c400000)]
  0x000001cc9f4b8530 JavaThread "Signal Dispatcher" daemon [_thread_blocked, id=10344, stack(0x000000607c400000,0x000000607c500000)]
  0x000001cc9f4b8ee0 JavaThread "Attach Listener" daemon [_thread_blocked, id=5720, stack(0x000000607c500000,0x000000607c600000)]
  0x000001cc9f4b9890 JavaThread "Service Thread" daemon [_thread_blocked, id=4496, stack(0x000000607c600000,0x000000607c700000)]
  0x000001cc9f4b9e50 JavaThread "Monitor Deflation Thread" daemon [_thread_blocked, id=8152, stack(0x000000607c700000,0x000000607c800000)]
  0x000001cc9f453bb0 JavaThread "C2 CompilerThread0" daemon [_thread_blocked, id=7716, stack(0x000000607c800000,0x000000607c900000)]
  0x000001cc9f455ce0 JavaThread "C1 CompilerThread0" daemon [_thread_blocked, id=9716, stack(0x000000607c900000,0x000000607ca00000)]
  0x000001cc9f456eb0 JavaThread "Sweeper thread" daemon [_thread_blocked, id=6696, stack(0x000000607ca00000,0x000000607cb00000)]
  0x000001cc9f63a8f0 JavaThread "Notification Thread" daemon [_thread_blocked, id=9308, stack(0x000000607cb00000,0x000000607cc00000)]
  0x000001cc9f63bb80 JavaThread "Common-Cleaner" daemon [_thread_blocked, id=1828, stack(0x000000607cd00000,0x000000607ce00000)]

Other Threads:
  0x000001cc9f438ab0 VMThread "VM Thread" [stack: 0x000000607c100000,0x000000607c200000] [id=3776]
  0x000001cc9f563120 WatcherThread [stack: 0x000000607cc00000,0x000000607cd00000] [id=7280]
  0x000001ccff7067d0 GCTaskThread "GC Thread#0" [stack: 0x000000607bc00000,0x000000607bd00000] [id=5304]
  0x000001cc9f6c18f0 GCTaskThread "GC Thread#1" [stack: 0x000000607ce00000,0x000000607cf00000] [id=8668]
  0x000001cc9f69d630 GCTaskThread "GC Thread#2" [stack: 0x000000607cf00000,0x000000607d000000] [id=5380]
  0x000001cc9f643490 GCTaskThread "GC Thread#3" [stack: 0x000000607d000000,0x000000607d100000] [id=10960]
  0x000001cc9f643740 GCTaskThread "GC Thread#4" [stack: 0x000000607d100000,0x000000607d200000] [id=8512]
  0x000001cc9f6efc70 GCTaskThread "GC Thread#5" [stack: 0x000000607d200000,0x000000607d300000] [id=10880]
  0x000001cc9f7ce000 GCTaskThread "GC Thread#6" [stack: 0x000000607d300000,0x000000607d400000] [id=6944]
  0x000001cc9f7ce2b0 GCTaskThread "GC Thread#7" [stack: 0x000000607d400000,0x000000607d500000] [id=2644]
  0x000001cc9f948bd0 GCTaskThread "GC Thread#8" [stack: 0x000000607d500000,0x000000607d600000] [id=11152]
  0x000001cc9f6b7e60 GCTaskThread "GC Thread#9" [stack: 0x000000607d800000,0x000000607d900000] [id=11940]
  0x000001cc9f716490 GCTaskThread "GC Thread#10" [stack: 0x000000607d900000,0x000000607da00000] [id=11156]
  0x000001cc9f716950 GCTaskThread "GC Thread#11" [stack: 0x000000607da00000,0x000000607db00000] [id=6820]
  0x000001cc9f75e3e0 GCTaskThread "GC Thread#12" [stack: 0x000000607db00000,0x000000607dc00000] [id=11772]
  0x000001ccff717b20 ConcurrentGCThread "G1 Main Marker" [stack: 0x000000607bd00000,0x000000607be00000] [id=5276]
  0x000001ccff718530 ConcurrentGCThread "G1 Conc#0" [stack: 0x000000607be00000,0x000000607bf00000] [id=12056]
  0x000001cc9f6bfe20 ConcurrentGCThread "G1 Conc#1" [stack: 0x000000607d600000,0x000000607d700000] [id=12052]
  0x000001cc9f7e4600 ConcurrentGCThread "G1 Conc#2" [stack: 0x000000607d700000,0x000000607d800000] [id=10772]
  0x000001ccff76eb80 ConcurrentGCThread "G1 Refine#0" [stack: 0x000000607bf00000,0x000000607c000000] [id=12088]
  0x000001cc9ea6c5f0 ConcurrentGCThread "G1 Service" [stack: 0x000000607c000000,0x000000607c100000] [id=10828]

Threads with active compile tasks:

VM state: not at safepoint (normal execution)

VM Mutex/Monitor currently owned by a thread:  ([mutex/lock_event])
[0x000001ccff6941e0] Heap_lock - owner thread: 0x000001ccff699550

Heap address: 0x0000000704e00000, size: 4018 MB, Compressed Oops mode: Zero based, Oop shift amount: 3

CDS archive(s) not mapped
Compressed class space mapped at: 0x0000000800000000-0x0000000840000000, reserved size: 1073741824
Narrow klass base: 0x0000000800000000, Narrow klass shift: 0, Narrow klass range: 0x40000000

GC Precious Log:
 CPUs: 16 total, 16 available
 Memory: 16071M
 Large Page Support: Disabled
 NUMA Support: Disabled
 Compressed Oops: Enabled (Zero based)
 Heap Region Size: 2M
 Heap Min Capacity: 8M
 Heap Initial Capacity: 252M
 Heap Max Capacity: 4018M
 Pre-touch: Disabled
 Parallel Workers: 13
 Concurrent Workers: 3
 Concurrent Refinement Workers: 13
 Periodic GC: Disabled

Heap:
 garbage-first heap   total 577536K, used 320127K [0x0000000704e00000, 0x0000000800000000)
  region size 2048K, 1 young (2048K), 1 survivors (2048K)
 Metaspace       used 3777K, committed 3968K, reserved 1056768K
  class space    used 305K, committed 384K, reserved 1048576K

Heap Regions: E=young(eden), S=young(survivor), O=old, HS=humongous(starts), HC=humongous(continues), CS=collection set, F=free, OA=open archive, CA=closed archive, TAMS=top-at-mark-start (previous, next)
|   0|0x0000000704e00000, 0x0000000704e00000, 0x0000000705000000|  0%| F|  |TAMS 0x0000000704e00000, 0x0000000704e00000| Untracked 
|   1|0x0000000705000000, 0x0000000705000000, 0x0000000705200000|  0%| F|  |TAMS 0x0000000705000000, 0x0000000705000000| Untracked 
|   2|0x0000000705200000, 0x0000000705200000, 0x0000000705400000|  0%| F|  |TAMS 0x0000000705200000, 0x0000000705200000| Untracked 
|   3|0x0000000705400000, 0x0000000705400000, 0x0000000705600000|  0%| F|  |TAMS 0x0000000705400000, 0x0000000705400000| Untracked 
|   4|0x0000000705600000, 0x0000000705600000, 0x0000000705800000|  0%| F|  |TAMS 0x0000000705600000, 0x0000000705600000| Untracked 
|   5|0x0000000705800000, 0x0000000705800000, 0x0000000705a00000|  0%| F|  |TAMS 0x0000000705800000, 0x0000000705800000| Untracked 
|   6|0x0000000705a00000, 0x0000000705a00000, 0x0000000705c00000|  0%| F|  |TAMS 0x0000000705a00000, 0x0000000705a00000| Untracked 
|   7|0x0000000705c00000, 0x0000000705c00000, 0x0000000705e00000|  0%| F|  |TAMS 0x0000000705c00000, 0x0000000705c00000| Untracked 
|   8|0x0000000705e00000, 0x0000000705e00000, 0x0000000706000000|  0%| F|  |TAMS 0x0000000705e00000, 0x0000000705e00000| Untracked 
|   9|0x0000000706000000, 0x0000000706000000, 0x0000000706200000|  0%| F|  |TAMS 0x0000000706000000, 0x0000000706000000| Untracked 
|  10|0x0000000706200000, 0x0000000706200000, 0x0000000706400000|  0%| F|  |TAMS 0x0000000706200000, 0x0000000706200000| Untracked 
|  11|0x0000000706400000, 0x0000000706400000, 0x0000000706600000|  0%| F|  |TAMS 0x0000000706400000, 0x0000000706400000| Untracked 
|  12|0x0000000706600000, 0x0000000706600000, 0x0000000706800000|  0%| F|  |TAMS 0x0000000706600000, 0x0000000706600000| Untracked 
|  13|0x0000000706800000, 0x0000000706800000, 0x0000000706a00000|  0%| F|  |TAMS 0x0000000706800000, 0x0000000706800000| Untracked 
|  14|0x0000000706a00000, 0x0000000706a00000, 0x0000000706c00000|  0%| F|  |TAMS 0x0000000706a00000, 0x0000000706a00000| Untracked 
|  15|0x0000000706c00000, 0x0000000706c00000, 0x0000000706e00000|  0%| F|  |TAMS 0x0000000706c00000, 0x0000000706c00000| Untracked 
|  16|0x0000000706e00000, 0x0000000706e00000, 0x0000000707000000|  0%| F|  |TAMS 0x0000000706e00000, 0x0000000706e00000| Untracked 
|  17|0x0000000707000000, 0x0000000707000000, 0x0000000707200000|  0%| F|  |TAMS 0x0000000707000000, 0x0000000707000000| Untracked 
|  18|0x0000000707200000, 0x0000000707200000, 0x0000000707400000|  0%| F|  |TAMS 0x0000000707200000, 0x0000000707200000| Untracked 
|  19|0x0000000707400000, 0x0000000707400000, 0x0000000707600000|  0%| F|  |TAMS 0x0000000707400000, 0x0000000707400000| Untracked 
|  20|0x0000000707600000, 0x0000000707600000, 0x0000000707800000|  0%| F|  |TAMS 0x0000000707600000, 0x0000000707600000| Untracked 
|  21|0x0000000707800000, 0x0000000707800000, 0x0000000707a00000|  0%| F|  |TAMS 0x0000000707800000, 0x0000000707800000| Untracked 
|  22|0x0000000707a00000, 0x0000000707a00000, 0x0000000707c00000|  0%| F|  |TAMS 0x0000000707a00000, 0x0000000707a00000| Untracked 
|  23|0x0000000707c00000, 0x0000000707c00000, 0x0000000707e00000|  0%| F|  |TAMS 0x0000000707c00000, 0x0000000707c00000| Untracked 
|  24|0x0000000707e00000, 0x0000000707e00000, 0x0000000708000000|  0%| F|  |TAMS 0x0000000707e00000, 0x0000000707e00000| Untracked 
|  25|0x0000000708000000, 0x0000000708000000, 0x0000000708200000|  0%| F|  |TAMS 0x0000000708000000, 0x0000000708000000| Untracked 
|  26|0x0000000708200000, 0x0000000708200000, 0x0000000708400000|  0%| F|  |TAMS 0x0000000708200000, 0x0000000708200000| Untracked 
|  27|0x0000000708400000, 0x0000000708400000, 0x0000000708600000|  0%| F|  |TAMS 0x0000000708400000, 0x0000000708400000| Untracked 
|  28|0x0000000708600000, 0x0000000708600000, 0x0000000708800000|  0%| F|  |TAMS 0x0000000708600000, 0x0000000708600000| Untracked 
|  29|0x0000000708800000, 0x0000000708800000, 0x0000000708a00000|  0%| F|  |TAMS 0x0000000708800000, 0x0000000708800000| Untracked 
|  30|0x0000000708a00000, 0x0000000708a00000, 0x0000000708c00000|  0%| F|  |TAMS 0x0000000708a00000, 0x0000000708a00000| Untracked 
|  31|0x0000000708c00000, 0x0000000708c00000, 0x0000000708e00000|  0%| F|  |TAMS 0x0000000708c00000, 0x0000000708c00000| Untracked 
|  32|0x0000000708e00000, 0x0000000708e00000, 0x0000000709000000|  0%| F|  |TAMS 0x0000000708e00000, 0x0000000708e00000| Untracked 
|  33|0x0000000709000000, 0x0000000709000000, 0x0000000709200000|  0%| F|  |TAMS 0x0000000709000000, 0x0000000709000000| Untracked 
|  34|0x0000000709200000, 0x0000000709200000, 0x0000000709400000|  0%| F|  |TAMS 0x0000000709200000, 0x0000000709200000| Untracked 
|  35|0x0000000709400000, 0x0000000709400000, 0x0000000709600000|  0%| F|  |TAMS 0x0000000709400000, 0x0000000709400000| Untracked 
|  36|0x0000000709600000, 0x0000000709600000, 0x0000000709800000|  0%| F|  |TAMS 0x0000000709600000, 0x0000000709600000| Untracked 
|  37|0x0000000709800000, 0x0000000709800000, 0x0000000709a00000|  0%| F|  |TAMS 0x0000000709800000, 0x0000000709800000| Untracked 
|  38|0x0000000709a00000, 0x0000000709a00000, 0x0000000709c00000|  0%| F|  |TAMS 0x0000000709a00000, 0x0000000709a00000| Untracked 
|  39|0x0000000709c00000, 0x0000000709c00000, 0x0000000709e00000|  0%| F|  |TAMS 0x0000000709c00000, 0x0000000709c00000| Untracked 
|  40|0x0000000709e00000, 0x0000000709e00000, 0x000000070a000000|  0%| F|  |TAMS 0x0000000709e00000, 0x0000000709e00000| Untracked 
|  41|0x000000070a000000, 0x000000070a000000, 0x000000070a200000|  0%| F|  |TAMS 0x000000070a000000, 0x000000070a000000| Untracked 
|  42|0x000000070a200000, 0x000000070a200000, 0x000000070a400000|  0%| F|  |TAMS 0x000000070a200000, 0x000000070a200000| Untracked 
|  43|0x000000070a400000, 0x000000070a400000, 0x000000070a600000|  0%| F|  |TAMS 0x000000070a400000, 0x000000070a400000| Untracked 
|  44|0x000000070a600000, 0x000000070a600000, 0x000000070a800000|  0%| F|  |TAMS 0x000000070a600000, 0x000000070a600000| Untracked 
|  45|0x000000070a800000, 0x000000070a800000, 0x000000070aa00000|  0%| F|  |TAMS 0x000000070a800000, 0x000000070a800000| Untracked 
|  46|0x000000070aa00000, 0x000000070aa00000, 0x000000070ac00000|  0%| F|  |TAMS 0x000000070aa00000, 0x000000070aa00000| Untracked 
|  47|0x000000070ac00000, 0x000000070ac00000, 0x000000070ae00000|  0%| F|  |TAMS 0x000000070ac00000, 0x000000070ac00000| Untracked 
|  48|0x000000070ae00000, 0x000000070ae00000, 0x000000070b000000|  0%| F|  |TAMS 0x000000070ae00000, 0x000000070ae00000| Untracked 
|  49|0x000000070b000000, 0x000000070b000000, 0x000000070b200000|  0%| F|  |TAMS 0x000000070b000000, 0x000000070b000000| Untracked 
|  50|0x000000070b200000, 0x000000070b200000, 0x000000070b400000|  0%| F|  |TAMS 0x000000070b200000, 0x000000070b200000| Untracked 
|  51|0x000000070b400000, 0x000000070b400000, 0x000000070b600000|  0%| F|  |TAMS 0x000000070b400000, 0x000000070b400000| Untracked 
|  52|0x000000070b600000, 0x000000070b600000, 0x000000070b800000|  0%| F|  |TAMS 0x000000070b600000, 0x000000070b600000| Untracked 
|  53|0x000000070b800000, 0x000000070b800000, 0x000000070ba00000|  0%| F|  |TAMS 0x000000070b800000, 0x000000070b800000| Untracked 
|  54|0x000000070ba00000, 0x000000070ba00000, 0x000000070bc00000|  0%| F|  |TAMS 0x000000070ba00000, 0x000000070ba00000| Untracked 
|  55|0x000000070bc00000, 0x000000070bc00000, 0x000000070be00000|  0%| F|  |TAMS 0x000000070bc00000, 0x000000070bc00000| Untracked 
|  56|0x000000070be00000, 0x000000070be00000, 0x000000070c000000|  0%| F|  |TAMS 0x000000070be00000, 0x000000070be00000| Untracked 
|  57|0x000000070c000000, 0x000000070c000000, 0x000000070c200000|  0%| F|  |TAMS 0x000000070c000000, 0x000000070c000000| Untracked 
|  58|0x000000070c200000, 0x000000070c200000, 0x000000070c400000|  0%| F|  |TAMS 0x000000070c200000, 0x000000070c200000| Untracked 
|  59|0x000000070c400000, 0x000000070c400000, 0x000000070c600000|  0%| F|  |TAMS 0x000000070c400000, 0x000000070c400000| Untracked 
|  60|0x000000070c600000, 0x000000070c600000, 0x000000070c800000|  0%| F|  |TAMS 0x000000070c600000, 0x000000070c600000| Untracked 
|  61|0x000000070c800000, 0x000000070c800000, 0x000000070ca00000|  0%| F|  |TAMS 0x000000070c800000, 0x000000070c800000| Untracked 
|  62|0x000000070ca00000, 0x000000070ca00000, 0x000000070cc00000|  0%| F|  |TAMS 0x000000070ca00000, 0x000000070ca00000| Untracked 
|  63|0x000000070cc00000, 0x000000070cc00000, 0x000000070ce00000|  0%| F|  |TAMS 0x000000070cc00000, 0x000000070cc00000| Untracked 
|  64|0x000000070ce00000, 0x000000070ce00000, 0x000000070d000000|  0%| F|  |TAMS 0x000000070ce00000, 0x000000070ce00000| Untracked 
|  65|0x000000070d000000, 0x000000070d000000, 0x000000070d200000|  0%| F|  |TAMS 0x000000070d000000, 0x000000070d000000| Untracked 
|  66|0x000000070d200000, 0x000000070d200000, 0x000000070d400000|  0%| F|  |TAMS 0x000000070d200000, 0x000000070d200000| Untracked 
|  67|0x000000070d400000, 0x000000070d400000, 0x000000070d600000|  0%| F|  |TAMS 0x000000070d400000, 0x000000070d400000| Untracked 
|  68|0x000000070d600000, 0x000000070d600000, 0x000000070d800000|  0%| F|  |TAMS 0x000000070d600000, 0x000000070d600000| Untracked 
|  69|0x000000070d800000, 0x000000070d800000, 0x000000070da00000|  0%| F|  |TAMS 0x000000070d800000, 0x000000070d800000| Untracked 
|  70|0x000000070da00000, 0x000000070da00000, 0x000000070dc00000|  0%| F|  |TAMS 0x000000070da00000, 0x000000070da00000| Untracked 
|  71|0x000000070dc00000, 0x000000070dc00000, 0x000000070de00000|  0%| F|  |TAMS 0x000000070dc00000, 0x000000070dc00000| Untracked 
|  72|0x000000070de00000, 0x000000070de00000, 0x000000070e000000|  0%| F|  |TAMS 0x000000070de00000, 0x000000070de00000| Untracked 
|  73|0x000000070e000000, 0x000000070e000000, 0x000000070e200000|  0%| F|  |TAMS 0x000000070e000000, 0x000000070e000000| Untracked 
|  74|0x000000070e200000, 0x000000070e200000, 0x000000070e400000|  0%| F|  |TAMS 0x000000070e200000, 0x000000070e200000| Untracked 
|  75|0x000000070e400000, 0x000000070e400000, 0x000000070e600000|  0%| F|  |TAMS 0x000000070e400000, 0x000000070e400000| Untracked 
|  76|0x000000070e600000, 0x000000070e600000, 0x000000070e800000|  0%| F|  |TAMS 0x000000070e600000, 0x000000070e600000| Untracked 
|  77|0x000000070e800000, 0x000000070ea00000, 0x000000070ea00000|100%|HS|  |TAMS 0x000000070e800000, 0x000000070ea00000| Complete 
|  78|0x000000070ea00000, 0x000000070ec00000, 0x000000070ec00000|100%|HC|  |TAMS 0x000000070ea00000, 0x000000070ec00000| Complete 
|  79|0x000000070ec00000, 0x000000070ee00000, 0x000000070ee00000|100%|HC|  |TAMS 0x000000070ec00000, 0x000000070ee00000| Complete 
|  80|0x000000070ee00000, 0x000000070f000000, 0x000000070f000000|100%|HC|  |TAMS 0x000000070ee00000, 0x000000070f000000| Complete 
|  81|0x000000070f000000, 0x000000070f200000, 0x000000070f200000|100%|HC|  |TAMS 0x000000070f000000, 0x000000070f200000| Complete 
|  82|0x000000070f200000, 0x000000070f400000, 0x000000070f400000|100%|HC|  |TAMS 0x000000070f200000, 0x000000070f400000| Complete 
|  83|0x000000070f400000, 0x000000070f600000, 0x000000070f600000|100%|HC|  |TAMS 0x000000070f400000, 0x000000070f600000| Complete 
|  84|0x000000070f600000, 0x000000070f800000, 0x000000070f800000|100%|HC|  |TAMS 0x000000070f600000, 0x000000070f800000| Complete 
|  85|0x000000070f800000, 0x000000070fa00000, 0x000000070fa00000|100%|HC|  |TAMS 0x000000070f800000, 0x000000070fa00000| Complete 
|  86|0x000000070fa00000, 0x000000070fc00000, 0x000000070fc00000|100%|HC|  |TAMS 0x000000070fa00000, 0x000000070fc00000| Complete 
|  87|0x000000070fc00000, 0x000000070fe00000, 0x000000070fe00000|100%|HC|  |TAMS 0x000000070fc00000, 0x000000070fe00000| Complete 
|  88|0x000000070fe00000, 0x0000000710000000, 0x0000000710000000|100%|HC|  |TAMS 0x000000070fe00000, 0x0000000710000000| Complete 
|  89|0x0000000710000000, 0x0000000710200000, 0x0000000710200000|100%|HC|  |TAMS 0x0000000710000000, 0x0000000710200000| Complete 
|  90|0x0000000710200000, 0x0000000710400000, 0x0000000710400000|100%|HC|  |TAMS 0x0000000710200000, 0x0000000710400000| Complete 
|  91|0x0000000710400000, 0x0000000710600000, 0x0000000710600000|100%|HC|  |TAMS 0x0000000710400000, 0x0000000710600000| Complete 
|  92|0x0000000710600000, 0x0000000710800000, 0x0000000710800000|100%|HC|  |TAMS 0x0000000710600000, 0x0000000710800000| Complete 
|  93|0x0000000710800000, 0x0000000710a00000, 0x0000000710a00000|100%|HC|  |TAMS 0x0000000710800000, 0x0000000710a00000| Complete 
|  94|0x0000000710a00000, 0x0000000710c00000, 0x0000000710c00000|100%|HC|  |TAMS 0x0000000710a00000, 0x0000000710c00000| Complete 
|  95|0x0000000710c00000, 0x0000000710e00000, 0x0000000710e00000|100%|HC|  |TAMS 0x0000000710c00000, 0x0000000710e00000| Complete 
|  96|0x0000000710e00000, 0x0000000711000000, 0x0000000711000000|100%|HC|  |TAMS 0x0000000710e00000, 0x0000000711000000| Complete 
|  97|0x0000000711000000, 0x0000000711200000, 0x0000000711200000|100%|HC|  |TAMS 0x0000000711000000, 0x0000000711200000| Complete 
|  98|0x0000000711200000, 0x0000000711400000, 0x0000000711400000|100%|HC|  |TAMS 0x0000000711200000, 0x0000000711400000| Complete 
|  99|0x0000000711400000, 0x0000000711600000, 0x0000000711600000|100%|HC|  |TAMS 0x0000000711400000, 0x0000000711600000| Complete 
| 100|0x0000000711600000, 0x0000000711800000, 0x0000000711800000|100%|HC|  |TAMS 0x0000000711600000, 0x0000000711800000| Complete 
| 101|0x0000000711800000, 0x0000000711a00000, 0x0000000711a00000|100%|HC|  |TAMS 0x0000000711800000, 0x0000000711a00000| Complete 
| 102|0x0000000711a00000, 0x0000000711c00000, 0x0000000711c00000|100%|HC|  |TAMS 0x0000000711a00000, 0x0000000711c00000| Complete 
| 103|0x0000000711c00000, 0x0000000711e00000, 0x0000000711e00000|100%|HC|  |TAMS 0x0000000711c00000, 0x0000000711e00000| Complete 
| 104|0x0000000711e00000, 0x0000000712000000, 0x0000000712000000|100%|HC|  |TAMS 0x0000000711e00000, 0x0000000712000000| Complete 
| 105|0x0000000712000000, 0x0000000712200000, 0x0000000712200000|100%|HC|  |TAMS 0x0000000712000000, 0x0000000712200000| Complete 
| 106|0x0000000712200000, 0x0000000712400000, 0x0000000712400000|100%|HC|  |TAMS 0x0000000712200000, 0x0000000712400000| Complete 
| 107|0x0000000712400000, 0x0000000712600000, 0x0000000712600000|100%|HC|  |TAMS 0x0000000712400000, 0x0000000712600000| Complete 
| 108|0x0000000712600000, 0x0000000712800000, 0x0000000712800000|100%|HC|  |TAMS 0x0000000712600000, 0x0000000712800000| Complete 
| 109|0x0000000712800000, 0x0000000712a00000, 0x0000000712a00000|100%|HC|  |TAMS 0x0000000712800000, 0x0000000712a00000| Complete 
| 110|0x0000000712a00000, 0x0000000712c00000, 0x0000000712c00000|100%|HC|  |TAMS 0x0000000712a00000, 0x0000000712c00000| Complete 
| 111|0x0000000712c00000, 0x0000000712e00000, 0x0000000712e00000|100%|HC|  |TAMS 0x0000000712c00000, 0x0000000712e00000| Complete 
| 112|0x0000000712e00000, 0x0000000713000000, 0x0000000713000000|100%|HC|  |TAMS 0x0000000712e00000, 0x0000000713000000| Complete 
| 113|0x0000000713000000, 0x0000000713200000, 0x0000000713200000|100%|HC|  |TAMS 0x0000000713000000, 0x0000000713200000| Complete 
| 114|0x0000000713200000, 0x0000000713400000, 0x0000000713400000|100%|HC|  |TAMS 0x0000000713200000, 0x0000000713400000| Complete 
| 115|0x0000000713400000, 0x0000000713600000, 0x0000000713600000|100%|HC|  |TAMS 0x0000000713400000, 0x0000000713600000| Complete 
| 116|0x0000000713600000, 0x0000000713800000, 0x0000000713800000|100%|HC|  |TAMS 0x0000000713600000, 0x0000000713800000| Complete 
| 117|0x0000000713800000, 0x0000000713a00000, 0x0000000713a00000|100%|HC|  |TAMS 0x0000000713800000, 0x0000000713a00000| Complete 
| 118|0x0000000713a00000, 0x0000000713c00000, 0x0000000713c00000|100%|HC|  |TAMS 0x0000000713a00000, 0x0000000713c00000| Complete 
| 119|0x0000000713c00000, 0x0000000713e00000, 0x0000000713e00000|100%|HC|  |TAMS 0x0000000713c00000, 0x0000000713e00000| Complete 
| 120|0x0000000713e00000, 0x0000000714000000, 0x0000000714000000|100%|HC|  |TAMS 0x0000000713e00000, 0x0000000714000000| Complete 
| 121|0x0000000714000000, 0x0000000714200000, 0x0000000714200000|100%|HC|  |TAMS 0x0000000714000000, 0x0000000714200000| Complete 
| 122|0x0000000714200000, 0x0000000714400000, 0x0000000714400000|100%|HC|  |TAMS 0x0000000714200000, 0x0000000714400000| Complete 
| 123|0x0000000714400000, 0x0000000714600000, 0x0000000714600000|100%|HC|  |TAMS 0x0000000714400000, 0x0000000714600000| Complete 
| 124|0x0000000714600000, 0x0000000714800000, 0x0000000714800000|100%|HC|  |TAMS 0x0000000714600000, 0x0000000714800000| Complete 
| 125|0x0000000714800000, 0x0000000714a00000, 0x0000000714a00000|100%|HC|  |TAMS 0x0000000714800000, 0x0000000714a00000| Complete 
| 126|0x0000000714a00000, 0x0000000714c00000, 0x0000000714c00000|100%|HC|  |TAMS 0x0000000714a00000, 0x0000000714c00000| Complete 
| 127|0x0000000714c00000, 0x0000000714e00000, 0x0000000714e00000|100%|HC|  |TAMS 0x0000000714c00000, 0x0000000714e00000| Complete 
| 128|0x0000000714e00000, 0x0000000715000000, 0x0000000715000000|100%|HC|  |TAMS 0x0000000714e00000, 0x0000000715000000| Complete 
| 129|0x0000000715000000, 0x0000000715200000, 0x0000000715200000|100%|HC|  |TAMS 0x0000000715000000, 0x0000000715200000| Complete 
| 130|0x0000000715200000, 0x0000000715400000, 0x0000000715400000|100%|HC|  |TAMS 0x0000000715200000, 0x0000000715400000| Complete 
| 131|0x0000000715400000, 0x0000000715600000, 0x0000000715600000|100%|HC|  |TAMS 0x0000000715400000, 0x0000000715600000| Complete 
| 132|0x0000000715600000, 0x0000000715800000, 0x0000000715800000|100%|HC|  |TAMS 0x0000000715600000, 0x0000000715800000| Complete 
| 133|0x0000000715800000, 0x0000000715a00000, 0x0000000715a00000|100%|HC|  |TAMS 0x0000000715800000, 0x0000000715a00000| Complete 
| 134|0x0000000715a00000, 0x0000000715c00000, 0x0000000715c00000|100%|HC|  |TAMS 0x0000000715a00000, 0x0000000715c00000| Complete 
| 135|0x0000000715c00000, 0x0000000715e00000, 0x0000000715e00000|100%|HC|  |TAMS 0x0000000715c00000, 0x0000000715e00000| Complete 
| 136|0x0000000715e00000, 0x0000000716000000, 0x0000000716000000|100%|HC|  |TAMS 0x0000000715e00000, 0x0000000716000000| Complete 
| 137|0x0000000716000000, 0x0000000716200000, 0x0000000716200000|100%|HC|  |TAMS 0x0000000716000000, 0x0000000716200000| Complete 
| 138|0x0000000716200000, 0x0000000716400000, 0x0000000716400000|100%|HC|  |TAMS 0x0000000716200000, 0x0000000716400000| Complete 
| 139|0x0000000716400000, 0x0000000716600000, 0x0000000716600000|100%|HC|  |TAMS 0x0000000716400000, 0x0000000716600000| Complete 
| 140|0x0000000716600000, 0x0000000716800000, 0x0000000716800000|100%|HC|  |TAMS 0x0000000716600000, 0x0000000716800000| Complete 
| 141|0x0000000716800000, 0x0000000716a00000, 0x0000000716a00000|100%|HC|  |TAMS 0x0000000716800000, 0x0000000716a00000| Complete 
| 142|0x0000000716a00000, 0x0000000716c00000, 0x0000000716c00000|100%|HC|  |TAMS 0x0000000716a00000, 0x0000000716c00000| Complete 
| 143|0x0000000716c00000, 0x0000000716e00000, 0x0000000716e00000|100%|HC|  |TAMS 0x0000000716c00000, 0x0000000716e00000| Complete 
| 144|0x0000000716e00000, 0x0000000717000000, 0x0000000717000000|100%|HC|  |TAMS 0x0000000716e00000, 0x0000000717000000| Complete 
| 145|0x0000000717000000, 0x0000000717200000, 0x0000000717200000|100%|HC|  |TAMS 0x0000000717000000, 0x0000000717200000| Complete 
| 146|0x0000000717200000, 0x0000000717400000, 0x0000000717400000|100%|HC|  |TAMS 0x0000000717200000, 0x0000000717400000| Complete 
| 147|0x0000000717400000, 0x0000000717600000, 0x0000000717600000|100%|HC|  |TAMS 0x0000000717400000, 0x0000000717600000| Complete 
| 148|0x0000000717600000, 0x0000000717800000, 0x0000000717800000|100%|HC|  |TAMS 0x0000000717600000, 0x0000000717800000| Complete 
| 149|0x0000000717800000, 0x0000000717a00000, 0x0000000717a00000|100%|HC|  |TAMS 0x0000000717800000, 0x0000000717a00000| Complete 
| 150|0x0000000717a00000, 0x0000000717a00000, 0x0000000717c00000|  0%| F|  |TAMS 0x0000000717a00000, 0x0000000717a00000| Untracked 
| 151|0x0000000717c00000, 0x0000000717c00000, 0x0000000717e00000|  0%| F|  |TAMS 0x0000000717c00000, 0x0000000717c00000| Untracked 
| 152|0x0000000717e00000, 0x0000000717e00000, 0x0000000718000000|  0%| F|  |TAMS 0x0000000717e00000, 0x0000000717e00000| Untracked 
| 153|0x0000000718000000, 0x0000000718000000, 0x0000000718200000|  0%| F|  |TAMS 0x0000000718000000, 0x0000000718000000| Untracked 
| 154|0x0000000718200000, 0x0000000718200000, 0x0000000718400000|  0%| F|  |TAMS 0x0000000718200000, 0x0000000718200000| Untracked 
| 155|0x0000000718400000, 0x0000000718400000, 0x0000000718600000|  0%| F|  |TAMS 0x0000000718400000, 0x0000000718400000| Untracked 
| 156|0x0000000718600000, 0x0000000718600000, 0x0000000718800000|  0%| F|  |TAMS 0x0000000718600000, 0x0000000718600000| Untracked 
| 157|0x0000000718800000, 0x0000000718800000, 0x0000000718a00000|  0%| F|  |TAMS 0x0000000718800000, 0x0000000718800000| Untracked 
| 158|0x0000000718a00000, 0x0000000718a00000, 0x0000000718c00000|  0%| F|  |TAMS 0x0000000718a00000, 0x0000000718a00000| Untracked 
| 159|0x0000000718c00000, 0x0000000718c00000, 0x0000000718e00000|  0%| F|  |TAMS 0x0000000718c00000, 0x0000000718c00000| Untracked 
| 160|0x0000000718e00000, 0x0000000718e00000, 0x0000000719000000|  0%| F|  |TAMS 0x0000000718e00000, 0x0000000718e00000| Untracked 
| 161|0x0000000719000000, 0x0000000719000000, 0x0000000719200000|  0%| F|  |TAMS 0x0000000719000000, 0x0000000719000000| Untracked 
| 162|0x0000000719200000, 0x0000000719200000, 0x0000000719400000|  0%| F|  |TAMS 0x0000000719200000, 0x0000000719200000| Untracked 
| 163|0x0000000719400000, 0x0000000719400000, 0x0000000719600000|  0%| F|  |TAMS 0x0000000719400000, 0x0000000719400000| Untracked 
| 164|0x0000000719600000, 0x0000000719600000, 0x0000000719800000|  0%| F|  |TAMS 0x0000000719600000, 0x0000000719600000| Untracked 
| 165|0x0000000719800000, 0x0000000719800000, 0x0000000719a00000|  0%| F|  |TAMS 0x0000000719800000, 0x0000000719800000| Untracked 
| 166|0x0000000719a00000, 0x0000000719a00000, 0x0000000719c00000|  0%| F|  |TAMS 0x0000000719a00000, 0x0000000719a00000| Untracked 
| 167|0x0000000719c00000, 0x0000000719c00000, 0x0000000719e00000|  0%| F|  |TAMS 0x0000000719c00000, 0x0000000719c00000| Untracked 
| 168|0x0000000719e00000, 0x0000000719e00000, 0x000000071a000000|  0%| F|  |TAMS 0x0000000719e00000, 0x0000000719e00000| Untracked 
| 169|0x000000071a000000, 0x000000071a000000, 0x000000071a200000|  0%| F|  |TAMS 0x000000071a000000, 0x000000071a000000| Untracked 
| 170|0x000000071a200000, 0x000000071a200000, 0x000000071a400000|  0%| F|  |TAMS 0x000000071a200000, 0x000000071a200000| Untracked 
| 171|0x000000071a400000, 0x000000071a400000, 0x000000071a600000|  0%| F|  |TAMS 0x000000071a400000, 0x000000071a400000| Untracked 
| 172|0x000000071a600000, 0x000000071a600000, 0x000000071a800000|  0%| F|  |TAMS 0x000000071a600000, 0x000000071a600000| Untracked 
| 173|0x000000071a800000, 0x000000071a800000, 0x000000071aa00000|  0%| F|  |TAMS 0x000000071a800000, 0x000000071a800000| Untracked 
| 174|0x000000071aa00000, 0x000000071aa00000, 0x000000071ac00000|  0%| F|  |TAMS 0x000000071aa00000, 0x000000071aa00000| Untracked 
| 175|0x000000071ac00000, 0x000000071ac00000, 0x000000071ae00000|  0%| F|  |TAMS 0x000000071ac00000, 0x000000071ac00000| Untracked 
| 176|0x000000071ae00000, 0x000000071ae00000, 0x000000071b000000|  0%| F|  |TAMS 0x000000071ae00000, 0x000000071ae00000| Untracked 
| 177|0x000000071b000000, 0x000000071b000000, 0x000000071b200000|  0%| F|  |TAMS 0x000000071b000000, 0x000000071b000000| Untracked 
| 178|0x000000071b200000, 0x000000071b200000, 0x000000071b400000|  0%| F|  |TAMS 0x000000071b200000, 0x000000071b200000| Untracked 
| 179|0x000000071b400000, 0x000000071b400000, 0x000000071b600000|  0%| F|  |TAMS 0x000000071b400000, 0x000000071b400000| Untracked 
| 180|0x000000071b600000, 0x000000071b600000, 0x000000071b800000|  0%| F|  |TAMS 0x000000071b600000, 0x000000071b600000| Untracked 
| 181|0x000000071b800000, 0x000000071b800000, 0x000000071ba00000|  0%| F|  |TAMS 0x000000071b800000, 0x000000071b800000| Untracked 
| 182|0x000000071ba00000, 0x000000071ba00000, 0x000000071bc00000|  0%| F|  |TAMS 0x000000071ba00000, 0x000000071ba00000| Untracked 
| 183|0x000000071bc00000, 0x000000071bc00000, 0x000000071be00000|  0%| F|  |TAMS 0x000000071bc00000, 0x000000071bc00000| Untracked 
| 184|0x000000071be00000, 0x000000071be00000, 0x000000071c000000|  0%| F|  |TAMS 0x000000071be00000, 0x000000071be00000| Untracked 
| 185|0x000000071c000000, 0x000000071c000000, 0x000000071c200000|  0%| F|  |TAMS 0x000000071c000000, 0x000000071c000000| Untracked 
| 186|0x000000071c200000, 0x000000071c200000, 0x000000071c400000|  0%| F|  |TAMS 0x000000071c200000, 0x000000071c200000| Untracked 
| 187|0x000000071c400000, 0x000000071c400000, 0x000000071c600000|  0%| F|  |TAMS 0x000000071c400000, 0x000000071c400000| Untracked 
| 188|0x000000071c600000, 0x000000071c600000, 0x000000071c800000|  0%| F|  |TAMS 0x000000071c600000, 0x000000071c600000| Untracked 
| 189|0x000000071c800000, 0x000000071c800000, 0x000000071ca00000|  0%| F|  |TAMS 0x000000071c800000, 0x000000071c800000| Untracked 
| 190|0x000000071ca00000, 0x000000071ca00000, 0x000000071cc00000|  0%| F|  |TAMS 0x000000071ca00000, 0x000000071ca00000| Untracked 
| 191|0x000000071cc00000, 0x000000071cc00000, 0x000000071ce00000|  0%| F|  |TAMS 0x000000071cc00000, 0x000000071cc00000| Untracked 
| 192|0x000000071ce00000, 0x000000071ce00000, 0x000000071d000000|  0%| F|  |TAMS 0x000000071ce00000, 0x000000071ce00000| Untracked 
| 193|0x000000071d000000, 0x000000071d000000, 0x000000071d200000|  0%| F|  |TAMS 0x000000071d000000, 0x000000071d000000| Untracked 
| 194|0x000000071d200000, 0x000000071d200000, 0x000000071d400000|  0%| F|  |TAMS 0x000000071d200000, 0x000000071d200000| Untracked 
| 195|0x000000071d400000, 0x000000071d400000, 0x000000071d600000|  0%| F|  |TAMS 0x000000071d400000, 0x000000071d400000| Untracked 
| 196|0x000000071d600000, 0x000000071d600000, 0x000000071d800000|  0%| F|  |TAMS 0x000000071d600000, 0x000000071d600000| Untracked 
| 197|0x000000071d800000, 0x000000071d800000, 0x000000071da00000|  0%| F|  |TAMS 0x000000071d800000, 0x000000071d800000| Untracked 
| 198|0x000000071da00000, 0x000000071da9fc30, 0x000000071dc00000| 31%| S|CS|TAMS 0x000000071da00000, 0x000000071da00000| Complete 
| 199|0x000000071dc00000, 0x000000071de00000, 0x000000071de00000|100%|HS|  |TAMS 0x000000071dc00000, 0x000000071de00000| Complete 
| 200|0x000000071de00000, 0x000000071e000000, 0x000000071e000000|100%|HC|  |TAMS 0x000000071de00000, 0x000000071e000000| Complete 
| 201|0x000000071e000000, 0x000000071e200000, 0x000000071e200000|100%|HC|  |TAMS 0x000000071e000000, 0x000000071e200000| Complete 
| 202|0x000000071e200000, 0x000000071e400000, 0x000000071e400000|100%|HC|  |TAMS 0x000000071e200000, 0x000000071e400000| Complete 
| 203|0x000000071e400000, 0x000000071e600000, 0x000000071e600000|100%|HC|  |TAMS 0x000000071e400000, 0x000000071e600000| Complete 
| 204|0x000000071e600000, 0x000000071e800000, 0x000000071e800000|100%|HC|  |TAMS 0x000000071e600000, 0x000000071e800000| Complete 
| 205|0x000000071e800000, 0x000000071ea00000, 0x000000071ea00000|100%|HC|  |TAMS 0x000000071e800000, 0x000000071ea00000| Complete 
| 206|0x000000071ea00000, 0x000000071ec00000, 0x000000071ec00000|100%|HC|  |TAMS 0x000000071ea00000, 0x000000071ec00000| Complete 
| 207|0x000000071ec00000, 0x000000071ee00000, 0x000000071ee00000|100%|HC|  |TAMS 0x000000071ec00000, 0x000000071ee00000| Complete 
| 208|0x000000071ee00000, 0x000000071f000000, 0x000000071f000000|100%|HC|  |TAMS 0x000000071ee00000, 0x000000071f000000| Complete 
| 209|0x000000071f000000, 0x000000071f200000, 0x000000071f200000|100%|HC|  |TAMS 0x000000071f000000, 0x000000071f200000| Complete 
| 210|0x000000071f200000, 0x000000071f400000, 0x000000071f400000|100%|HC|  |TAMS 0x000000071f200000, 0x000000071f400000| Complete 
| 211|0x000000071f400000, 0x000000071f600000, 0x000000071f600000|100%|HC|  |TAMS 0x000000071f400000, 0x000000071f600000| Complete 
| 212|0x000000071f600000, 0x000000071f800000, 0x000000071f800000|100%|HC|  |TAMS 0x000000071f600000, 0x000000071f800000| Complete 
| 213|0x000000071f800000, 0x000000071fa00000, 0x000000071fa00000|100%|HC|  |TAMS 0x000000071f800000, 0x000000071fa00000| Complete 
| 214|0x000000071fa00000, 0x000000071fc00000, 0x000000071fc00000|100%|HC|  |TAMS 0x000000071fa00000, 0x000000071fc00000| Complete 
| 215|0x000000071fc00000, 0x000000071fe00000, 0x000000071fe00000|100%|HC|  |TAMS 0x000000071fc00000, 0x000000071fe00000| Complete 
| 216|0x000000071fe00000, 0x0000000720000000, 0x0000000720000000|100%|HC|  |TAMS 0x000000071fe00000, 0x0000000720000000| Complete 
| 217|0x0000000720000000, 0x0000000720200000, 0x0000000720200000|100%|HC|  |TAMS 0x0000000720000000, 0x0000000720200000| Complete 
| 218|0x0000000720200000, 0x0000000720400000, 0x0000000720400000|100%|HC|  |TAMS 0x0000000720200000, 0x0000000720400000| Complete 
| 219|0x0000000720400000, 0x0000000720600000, 0x0000000720600000|100%|HC|  |TAMS 0x0000000720400000, 0x0000000720600000| Complete 
| 220|0x0000000720600000, 0x0000000720800000, 0x0000000720800000|100%|HC|  |TAMS 0x0000000720600000, 0x0000000720800000| Complete 
| 221|0x0000000720800000, 0x0000000720a00000, 0x0000000720a00000|100%|HC|  |TAMS 0x0000000720800000, 0x0000000720a00000| Complete 
| 222|0x0000000720a00000, 0x0000000720c00000, 0x0000000720c00000|100%|HC|  |TAMS 0x0000000720a00000, 0x0000000720c00000| Complete 
| 223|0x0000000720c00000, 0x0000000720e00000, 0x0000000720e00000|100%|HC|  |TAMS 0x0000000720c00000, 0x0000000720e00000| Complete 
| 224|0x0000000720e00000, 0x0000000721000000, 0x0000000721000000|100%|HC|  |TAMS 0x0000000720e00000, 0x0000000721000000| Complete 
| 225|0x0000000721000000, 0x0000000721200000, 0x0000000721200000|100%|HC|  |TAMS 0x0000000721000000, 0x0000000721200000| Complete 
| 226|0x0000000721200000, 0x0000000721400000, 0x0000000721400000|100%|HC|  |TAMS 0x0000000721200000, 0x0000000721400000| Complete 
| 227|0x0000000721400000, 0x0000000721600000, 0x0000000721600000|100%|HC|  |TAMS 0x0000000721400000, 0x0000000721600000| Complete 
| 228|0x0000000721600000, 0x0000000721800000, 0x0000000721800000|100%|HC|  |TAMS 0x0000000721600000, 0x0000000721800000| Complete 
| 229|0x0000000721800000, 0x0000000721a00000, 0x0000000721a00000|100%|HC|  |TAMS 0x0000000721800000, 0x0000000721a00000| Complete 
| 230|0x0000000721a00000, 0x0000000721c00000, 0x0000000721c00000|100%|HC|  |TAMS 0x0000000721a00000, 0x0000000721c00000| Complete 
| 231|0x0000000721c00000, 0x0000000721e00000, 0x0000000721e00000|100%|HC|  |TAMS 0x0000000721c00000, 0x0000000721e00000| Complete 
| 232|0x0000000721e00000, 0x0000000722000000, 0x0000000722000000|100%|HC|  |TAMS 0x0000000721e00000, 0x0000000722000000| Complete 
| 233|0x0000000722000000, 0x0000000722200000, 0x0000000722200000|100%|HC|  |TAMS 0x0000000722000000, 0x0000000722200000| Complete 
| 234|0x0000000722200000, 0x0000000722400000, 0x0000000722400000|100%|HC|  |TAMS 0x0000000722200000, 0x0000000722400000| Complete 
| 235|0x0000000722400000, 0x0000000722600000, 0x0000000722600000|100%|HC|  |TAMS 0x0000000722400000, 0x0000000722600000| Complete 
| 236|0x0000000722600000, 0x0000000722800000, 0x0000000722800000|100%|HC|  |TAMS 0x0000000722600000, 0x0000000722800000| Complete 
| 237|0x0000000722800000, 0x0000000722a00000, 0x0000000722a00000|100%|HC|  |TAMS 0x0000000722800000, 0x0000000722a00000| Complete 
| 238|0x0000000722a00000, 0x0000000722c00000, 0x0000000722c00000|100%|HC|  |TAMS 0x0000000722a00000, 0x0000000722c00000| Complete 
| 239|0x0000000722c00000, 0x0000000722e00000, 0x0000000722e00000|100%|HC|  |TAMS 0x0000000722c00000, 0x0000000722e00000| Complete 
| 240|0x0000000722e00000, 0x0000000723000000, 0x0000000723000000|100%|HC|  |TAMS 0x0000000722e00000, 0x0000000723000000| Complete 
| 241|0x0000000723000000, 0x0000000723200000, 0x0000000723200000|100%|HC|  |TAMS 0x0000000723000000, 0x0000000723200000| Complete 
| 242|0x0000000723200000, 0x0000000723400000, 0x0000000723400000|100%|HC|  |TAMS 0x0000000723200000, 0x0000000723400000| Complete 
| 243|0x0000000723400000, 0x0000000723600000, 0x0000000723600000|100%|HC|  |TAMS 0x0000000723400000, 0x0000000723600000| Complete 
| 244|0x0000000723600000, 0x0000000723800000, 0x0000000723800000|100%|HC|  |TAMS 0x0000000723600000, 0x0000000723800000| Complete 
| 245|0x0000000723800000, 0x0000000723a00000, 0x0000000723a00000|100%|HC|  |TAMS 0x0000000723800000, 0x0000000723a00000| Complete 
| 246|0x0000000723a00000, 0x0000000723c00000, 0x0000000723c00000|100%|HC|  |TAMS 0x0000000723a00000, 0x0000000723c00000| Complete 
| 247|0x0000000723c00000, 0x0000000723e00000, 0x0000000723e00000|100%|HC|  |TAMS 0x0000000723c00000, 0x0000000723e00000| Complete 
| 248|0x0000000723e00000, 0x0000000724000000, 0x0000000724000000|100%|HC|  |TAMS 0x0000000723e00000, 0x0000000724000000| Complete 
| 249|0x0000000724000000, 0x0000000724200000, 0x0000000724200000|100%|HC|  |TAMS 0x0000000724000000, 0x0000000724200000| Complete 
| 250|0x0000000724200000, 0x0000000724400000, 0x0000000724400000|100%|HC|  |TAMS 0x0000000724200000, 0x0000000724400000| Complete 
| 251|0x0000000724400000, 0x0000000724600000, 0x0000000724600000|100%|HC|  |TAMS 0x0000000724400000, 0x0000000724600000| Complete 
| 252|0x0000000724600000, 0x0000000724800000, 0x0000000724800000|100%|HC|  |TAMS 0x0000000724600000, 0x0000000724800000| Complete 
| 253|0x0000000724800000, 0x0000000724a00000, 0x0000000724a00000|100%|HC|  |TAMS 0x0000000724800000, 0x0000000724a00000| Complete 
| 254|0x0000000724a00000, 0x0000000724c00000, 0x0000000724c00000|100%|HC|  |TAMS 0x0000000724a00000, 0x0000000724c00000| Complete 
| 255|0x0000000724c00000, 0x0000000724e00000, 0x0000000724e00000|100%|HC|  |TAMS 0x0000000724c00000, 0x0000000724e00000| Complete 
| 256|0x0000000724e00000, 0x0000000725000000, 0x0000000725000000|100%|HC|  |TAMS 0x0000000724e00000, 0x0000000725000000| Complete 
| 257|0x0000000725000000, 0x0000000725200000, 0x0000000725200000|100%|HC|  |TAMS 0x0000000725000000, 0x0000000725200000| Complete 
| 258|0x0000000725200000, 0x0000000725400000, 0x0000000725400000|100%|HC|  |TAMS 0x0000000725200000, 0x0000000725400000| Complete 
| 259|0x0000000725400000, 0x0000000725600000, 0x0000000725600000|100%|HC|  |TAMS 0x0000000725400000, 0x0000000725600000| Complete 
| 260|0x0000000725600000, 0x0000000725800000, 0x0000000725800000|100%|HC|  |TAMS 0x0000000725600000, 0x0000000725800000| Complete 
| 261|0x0000000725800000, 0x0000000725a00000, 0x0000000725a00000|100%|HC|  |TAMS 0x0000000725800000, 0x0000000725a00000| Complete 
| 262|0x0000000725a00000, 0x0000000725c00000, 0x0000000725c00000|100%|HC|  |TAMS 0x0000000725a00000, 0x0000000725c00000| Complete 
| 263|0x0000000725c00000, 0x0000000725e00000, 0x0000000725e00000|100%|HC|  |TAMS 0x0000000725c00000, 0x0000000725e00000| Complete 
| 264|0x0000000725e00000, 0x0000000726000000, 0x0000000726000000|100%|HC|  |TAMS 0x0000000725e00000, 0x0000000726000000| Complete 
| 265|0x0000000726000000, 0x0000000726200000, 0x0000000726200000|100%|HC|  |TAMS 0x0000000726000000, 0x0000000726200000| Complete 
| 266|0x0000000726200000, 0x0000000726400000, 0x0000000726400000|100%|HC|  |TAMS 0x0000000726200000, 0x0000000726400000| Complete 
| 267|0x0000000726400000, 0x0000000726600000, 0x0000000726600000|100%|HC|  |TAMS 0x0000000726400000, 0x0000000726600000| Complete 
| 268|0x0000000726600000, 0x0000000726800000, 0x0000000726800000|100%|HC|  |TAMS 0x0000000726600000, 0x0000000726800000| Complete 
| 269|0x0000000726800000, 0x0000000726a00000, 0x0000000726a00000|100%|HC|  |TAMS 0x0000000726800000, 0x0000000726a00000| Complete 
| 270|0x0000000726a00000, 0x0000000726c00000, 0x0000000726c00000|100%|HC|  |TAMS 0x0000000726a00000, 0x0000000726c00000| Complete 
| 271|0x0000000726c00000, 0x0000000726e00000, 0x0000000726e00000|100%|HC|  |TAMS 0x0000000726c00000, 0x0000000726e00000| Complete 
| 272|0x0000000726e00000, 0x0000000727000000, 0x0000000727000000|100%|HC|  |TAMS 0x0000000726e00000, 0x0000000727000000| Complete 
| 273|0x0000000727000000, 0x0000000727200000, 0x0000000727200000|100%|HC|  |TAMS 0x0000000727000000, 0x0000000727200000| Complete 
| 274|0x0000000727200000, 0x0000000727400000, 0x0000000727400000|100%|HC|  |TAMS 0x0000000727200000, 0x0000000727400000| Complete 
| 275|0x0000000727400000, 0x0000000727600000, 0x0000000727600000|100%|HC|  |TAMS 0x0000000727400000, 0x0000000727600000| Complete 
| 276|0x0000000727600000, 0x0000000727800000, 0x0000000727800000|100%|HC|  |TAMS 0x0000000727600000, 0x0000000727800000| Complete 
| 277|0x0000000727800000, 0x0000000727a00000, 0x0000000727a00000|100%|HC|  |TAMS 0x0000000727800000, 0x0000000727a00000| Complete 
| 278|0x0000000727a00000, 0x0000000727c00000, 0x0000000727c00000|100%|HC|  |TAMS 0x0000000727a00000, 0x0000000727c00000| Complete 
| 279|0x0000000727c00000, 0x0000000727e00000, 0x0000000727e00000|100%|HC|  |TAMS 0x0000000727c00000, 0x0000000727e00000| Complete 
| 280|0x0000000727e00000, 0x0000000728000000, 0x0000000728000000|100%|HC|  |TAMS 0x0000000727e00000, 0x0000000728000000| Complete 
| 281|0x0000000728000000, 0x0000000728200000, 0x0000000728200000|100%|HC|  |TAMS 0x0000000728000000, 0x0000000728200000| Complete 

Card table byte_map: [0x000001cc92dc0000,0x000001cc935a0000] _byte_map_base: 0x000001cc8f599000

Marking Bits (Prev, Next): (CMBitMap*) 0x000001ccff706e20, (CMBitMap*) 0x000001ccff706de0
 Prev Bits: [0x000001cc97c50000, 0x000001cc9bb18000)
 Next Bits: [0x000001cc93d80000, 0x000001cc97c48000)

Polling page: 0x000001ccfd5d0000

Metaspace:

Usage:
  Non-class:      3.39 MB used.
      Class:    305.42 KB used.
       Both:      3.69 MB used.

Virtual space:
  Non-class space:        8.00 MB reserved,       3.50 MB ( 44%) committed,  1 nodes.
      Class space:        1.00 GB reserved,     384.00 KB ( <1%) committed,  1 nodes.
             Both:        1.01 GB reserved,       3.88 MB ( <1%) committed. 

Chunk freelists:
   Non-Class:  4.00 MB
       Class:  3.62 MB
        Both:  7.62 MB

MaxMetaspaceSize: unlimited
CompressedClassSpaceSize: 1.00 GB
Initial GC threshold: 21.00 MB
Current GC threshold: 21.00 MB
CDS: off
MetaspaceReclaimPolicy: balanced
 - commit_granule_bytes: 65536.
 - commit_granule_words: 8192.
 - virtual_space_node_default_size: 1048576.
 - enlarge_chunks_in_place: 1.
 - new_chunks_are_fully_committed: 0.
 - uncommit_free_chunks: 1.
 - use_allocation_guard: 0.
 - handle_deallocations: 1.


Internal statistics:

num_allocs_failed_limit: 0.
num_arena_births: 4.
num_arena_deaths: 0.
num_vsnodes_births: 2.
num_vsnodes_deaths: 0.
num_space_committed: 62.
num_space_uncommitted: 0.
num_chunks_returned_to_freelist: 0.
num_chunks_taken_from_freelist: 6.
num_chunk_merges: 0.
num_chunk_splits: 2.
num_chunks_enlarged: 0.
num_purges: 0.
num_inconsistent_stats: 0.

CodeHeap 'non-profiled nmethods': size=119168Kb used=43Kb max_used=43Kb free=119125Kb
 bounds [0x000001cc8b180000, 0x000001cc8b3f0000, 0x000001cc925e0000]
CodeHeap 'profiled nmethods': size=119104Kb used=117Kb max_used=117Kb free=118986Kb
 bounds [0x000001cc83d30000, 0x000001cc83fa0000, 0x000001cc8b180000]
CodeHeap 'non-nmethods': size=7488Kb used=1048Kb max_used=1065Kb free=6439Kb
 bounds [0x000001cc835e0000, 0x000001cc83850000, 0x000001cc83d30000]
 total_blobs=389 nmethods=98 adapters=204
 compilation: enabled
              stopped_count=0, restarted_count=0
 full_count=0

Compilation events (20 events):
Event: 1.930 Thread 0x000001cc9f455ce0 nmethod 93 0x000001cc83d4c310 code [0x000001cc83d4c580, 0x000001cc83d4cdc8]
Event: 1.935 Thread 0x000001cc9f453bb0 nmethod 89% 0x000001cc8b185690 code [0x000001cc8b185820, 0x000001cc8b185df8]
Event: 1.935 Thread 0x000001cc9f453bb0   95 %     4       method.tt::main @ 16 (102 bytes)
Event: 1.937 Thread 0x000001cc9f453bb0 nmethod 95% 0x000001cc8b185f90 code [0x000001cc8b186120, 0x000001cc8b1862f8]
Event: 1.937 Thread 0x000001cc9f453bb0   94 %     4       java.util.Arrays::toString @ 39 (76 bytes)
Event: 1.956 Thread 0x000001cc9f453bb0 nmethod 94% 0x000001cc8b186590 code [0x000001cc8b186780, 0x000001cc8b187000]
Event: 1.956 Thread 0x000001cc9f453bb0   96       4       java.lang.StringLatin1::inflate (34 bytes)
Event: 1.959 Thread 0x000001cc9f453bb0 nmethod 96 0x000001cc8b187590 code [0x000001cc8b187700, 0x000001cc8b1879f8]
Event: 1.960 Thread 0x000001cc9f453bb0   97       4       java.util.Arrays::toString (76 bytes)
Event: 1.991 Thread 0x000001cc9f453bb0 nmethod 97 0x000001cc8b187b10 code [0x000001cc8b187d40, 0x000001cc8b188c00]
Event: 1.991 Thread 0x000001cc9f453bb0   81       4       java.lang.AbstractStringBuilder::append (45 bytes)
Event: 1.993 Thread 0x000001cc9f453bb0 nmethod 81 0x000001cc8b189510 code [0x000001cc8b1896c0, 0x000001cc8b189a98]
Event: 1.993 Thread 0x000001cc9f453bb0   82       4       java.lang.AbstractStringBuilder::putStringAt (12 bytes)
Event: 1.994 Thread 0x000001cc9f453bb0 nmethod 82 0x000001cc8b189d90 code [0x000001cc8b189f20, 0x000001cc8b18a0f8]
Event: 1.994 Thread 0x000001cc9f453bb0   83       4       java.lang.AbstractStringBuilder::putStringAt (34 bytes)
Event: 1.995 Thread 0x000001cc9f453bb0 nmethod 83 0x000001cc8b18a290 code [0x000001cc8b18a420, 0x000001cc8b18a618]
Event: 1.995 Thread 0x000001cc9f453bb0   84       4       java.lang.String::getBytes (46 bytes)
Event: 1.995 Thread 0x000001cc9f453bb0 nmethod 84 0x000001cc8b18a790 code [0x000001cc8b18a900, 0x000001cc8b18aab8]
Event: 3.616 Thread 0x000001cc9f455ce0   98       3       java.lang.Math::max (11 bytes)
Event: 3.617 Thread 0x000001cc9f455ce0 nmethod 98 0x000001cc83d4d110 code [0x000001cc83d4d2a0, 0x000001cc83d4d3d8]

GC Heap History (20 events):
Event: 2.102 GC heap before
{Heap before GC invocations=2 (full 0):
 garbage-first heap   total 258048K, used 88723K [0x0000000704e00000, 0x0000000800000000)
  region size 2048K, 1 young (2048K), 1 survivors (2048K)
 Metaspace       used 3777K, committed 3968K, reserved 1056768K
  class space    used 305K, committed 384K, reserved 1048576K
}
Event: 2.102 GC heap after
{Heap after GC invocations=3 (full 0):
 garbage-first heap   total 258048K, used 29352K [0x0000000704e00000, 0x0000000800000000)
  region size 2048K, 1 young (2048K), 1 survivors (2048K)
 Metaspace       used 3777K, committed 3968K, reserved 1056768K
  class space    used 305K, committed 384K, reserved 1048576K
}
Event: 2.200 GC heap before
{Heap before GC invocations=3 (full 0):
 garbage-first heap   total 258048K, used 109224K [0x0000000704e00000, 0x0000000800000000)
  region size 2048K, 2 young (4096K), 1 survivors (2048K)
 Metaspace       used 3777K, committed 3968K, reserved 1056768K
  class space    used 305K, committed 384K, reserved 1048576K
}
Event: 2.200 GC heap after
{Heap after GC invocations=4 (full 0):
 garbage-first heap   total 258048K, used 68226K [0x0000000704e00000, 0x0000000800000000)
  region size 2048K, 1 young (2048K), 1 survivors (2048K)
 Metaspace       used 3777K, committed 3968K, reserved 1056768K
  class space    used 305K, committed 384K, reserved 1048576K
}
Event: 2.213 GC heap before
{Heap before GC invocations=4 (full 0):
 garbage-first heap   total 258048K, used 88706K [0x0000000704e00000, 0x0000000800000000)
  region size 2048K, 1 young (2048K), 1 survivors (2048K)
 Metaspace       used 3777K, committed 3968K, reserved 1056768K
  class space    used 305K, committed 384K, reserved 1048576K
}
Event: 2.214 GC heap after
{Heap after GC invocations=5 (full 0):
 garbage-first heap   total 258048K, used 78471K [0x0000000704e00000, 0x0000000800000000)
  region size 2048K, 1 young (2048K), 1 survivors (2048K)
 Metaspace       used 3777K, committed 3968K, reserved 1056768K
  class space    used 305K, committed 384K, reserved 1048576K
}
Event: 2.260 GC heap before
{Heap before GC invocations=5 (full 0):
 garbage-first heap   total 258048K, used 117383K [0x0000000704e00000, 0x0000000800000000)
  region size 2048K, 1 young (2048K), 1 survivors (2048K)
 Metaspace       used 3777K, committed 3968K, reserved 1056768K
  class space    used 305K, committed 384K, reserved 1048576K
}
Event: 2.260 GC heap after
{Heap after GC invocations=6 (full 0):
 garbage-first heap   total 258048K, used 96927K [0x0000000704e00000, 0x0000000800000000)
  region size 2048K, 1 young (2048K), 1 survivors (2048K)
 Metaspace       used 3777K, committed 3968K, reserved 1056768K
  class space    used 305K, committed 384K, reserved 1048576K
}
Event: 2.328 GC heap before
{Heap before GC invocations=6 (full 0):
 garbage-first heap   total 258048K, used 172703K [0x0000000704e00000, 0x0000000800000000)
  region size 2048K, 1 young (2048K), 1 survivors (2048K)
 Metaspace       used 3777K, committed 3968K, reserved 1056768K
  class space    used 305K, committed 384K, reserved 1048576K
}
Event: 2.370 GC heap after
{Heap after GC invocations=7 (full 0):
 garbage-first heap   total 335872K, used 133782K [0x0000000704e00000, 0x0000000800000000)
  region size 2048K, 1 young (2048K), 1 survivors (2048K)
 Metaspace       used 3777K, committed 3968K, reserved 1056768K
  class space    used 305K, committed 384K, reserved 1048576K
}
Event: 2.658 GC heap before
{Heap before GC invocations=7 (full 0):
 garbage-first heap   total 407552K, used 283286K [0x0000000704e00000, 0x0000000800000000)
  region size 2048K, 2 young (4096K), 1 survivors (2048K)
 Metaspace       used 3777K, committed 3968K, reserved 1056768K
  class space    used 305K, committed 384K, reserved 1048576K
}
Event: 2.659 GC heap after
{Heap after GC invocations=8 (full 0):
 garbage-first heap   total 407552K, used 207495K [0x0000000704e00000, 0x0000000800000000)
  region size 2048K, 1 young (2048K), 1 survivors (2048K)
 Metaspace       used 3777K, committed 3968K, reserved 1056768K
  class space    used 305K, committed 384K, reserved 1048576K
}
Event: 3.561 GC heap before
{Heap before GC invocations=9 (full 0):
 garbage-first heap   total 577536K, used 463495K [0x0000000704e00000, 0x0000000800000000)
  region size 2048K, 2 young (4096K), 1 survivors (2048K)
 Metaspace       used 3777K, committed 3968K, reserved 1056768K
  class space    used 305K, committed 384K, reserved 1048576K
}
Event: 3.562 GC heap after
{Heap after GC invocations=10 (full 0):
 garbage-first heap   total 577536K, used 171229K [0x0000000704e00000, 0x0000000800000000)
  region size 2048K, 1 young (2048K), 1 survivors (2048K)
 Metaspace       used 3777K, committed 3968K, reserved 1056768K
  class space    used 305K, committed 384K, reserved 1048576K
}
Event: 3.616 GC heap before
{Heap before GC invocations=10 (full 0):
 garbage-first heap   total 577536K, used 253149K [0x0000000704e00000, 0x0000000800000000)
  region size 2048K, 1 young (2048K), 1 survivors (2048K)
 Metaspace       used 3777K, committed 3968K, reserved 1056768K
  class space    used 305K, committed 384K, reserved 1048576K
}
Event: 3.617 GC heap after
{Heap after GC invocations=11 (full 0):
 garbage-first heap   total 577536K, used 209567K [0x0000000704e00000, 0x0000000800000000)
  region size 2048K, 1 young (2048K), 1 survivors (2048K)
 Metaspace       used 3777K, committed 3968K, reserved 1056768K
  class space    used 305K, committed 384K, reserved 1048576K
}
Event: 3.661 GC heap before
{Heap before GC invocations=11 (full 0):
 garbage-first heap   total 577536K, used 285343K [0x0000000704e00000, 0x0000000800000000)
  region size 2048K, 1 young (2048K), 1 survivors (2048K)
 Metaspace       used 3777K, committed 3968K, reserved 1056768K
  class space    used 305K, committed 384K, reserved 1048576K
}
Event: 3.662 GC heap after
{Heap after GC invocations=12 (full 0):
 garbage-first heap   total 577536K, used 246427K [0x0000000704e00000, 0x0000000800000000)
  region size 2048K, 1 young (2048K), 1 survivors (2048K)
 Metaspace       used 3777K, committed 3968K, reserved 1056768K
  class space    used 305K, committed 384K, reserved 1048576K
}
Event: 3.989 GC heap before
{Heap before GC invocations=12 (full 0):
 garbage-first heap   total 577536K, used 395931K [0x0000000704e00000, 0x0000000800000000)
  region size 2048K, 1 young (2048K), 1 survivors (2048K)
 Metaspace       used 3777K, committed 3968K, reserved 1056768K
  class space    used 305K, committed 384K, reserved 1048576K
}
Event: 3.995 GC heap after
{Heap after GC invocations=13 (full 0):
 garbage-first heap   total 577536K, used 320127K [0x0000000704e00000, 0x0000000800000000)
  region size 2048K, 1 young (2048K), 1 survivors (2048K)
 Metaspace       used 3777K, committed 3968K, reserved 1056768K
  class space    used 305K, committed 384K, reserved 1048576K
}

Deoptimization events (8 events):
Event: 1.955 Thread 0x000001ccff699550 DEOPT PACKING pc=0x000001cc83d491be sp=0x000000607bbff5c0
Event: 1.955 Thread 0x000001ccff699550 DEOPT UNPACKING pc=0x000001cc83636763 sp=0x000000607bbfea60 mode 0
Event: 1.955 Thread 0x000001ccff699550 DEOPT PACKING pc=0x000001cc83d49dd2 sp=0x000000607bbff6a0
Event: 1.955 Thread 0x000001ccff699550 DEOPT UNPACKING pc=0x000001cc83636763 sp=0x000000607bbfeb58 mode 0
Event: 1.956 Thread 0x000001ccff699550 DEOPT PACKING pc=0x000001cc83d4cbf3 sp=0x000000607bbff640
Event: 1.956 Thread 0x000001ccff699550 DEOPT UNPACKING pc=0x000001cc83636763 sp=0x000000607bbfeb08 mode 0
Event: 1.970 Thread 0x000001ccff699550 DEOPT PACKING pc=0x000001cc83d4cbf3 sp=0x000000607bbff640
Event: 1.984 Thread 0x000001ccff699550 DEOPT UNPACKING pc=0x000001cc83636763 sp=0x000000607bbfeb08 mode 0

Classes unloaded (0 events):
No events

Classes redefined (0 events):
No events

Internal exceptions (0 events):
No events

VM Operations (20 events):
Event: 2.213 Executing VM operation: G1TryInitiateConcMark
Event: 2.214 Executing VM operation: G1TryInitiateConcMark done
Event: 2.260 Executing VM operation: G1TryInitiateConcMark
Event: 2.260 Executing VM operation: G1TryInitiateConcMark done
Event: 2.327 Executing VM operation: G1TryInitiateConcMark
Event: 2.370 Executing VM operation: G1TryInitiateConcMark done
Event: 2.658 Executing VM operation: G1TryInitiateConcMark
Event: 2.659 Executing VM operation: G1TryInitiateConcMark done
Event: 2.659 Executing VM operation: G1Concurrent
Event: 2.719 Executing VM operation: G1Concurrent done
Event: 2.719 Executing VM operation: G1Concurrent
Event: 2.749 Executing VM operation: G1Concurrent done
Event: 3.561 Executing VM operation: G1TryInitiateConcMark
Event: 3.562 Executing VM operation: G1TryInitiateConcMark done
Event: 3.616 Executing VM operation: G1TryInitiateConcMark
Event: 3.617 Executing VM operation: G1TryInitiateConcMark done
Event: 3.661 Executing VM operation: G1TryInitiateConcMark
Event: 3.662 Executing VM operation: G1TryInitiateConcMark done
Event: 3.989 Executing VM operation: G1TryInitiateConcMark
Event: 3.995 Executing VM operation: G1TryInitiateConcMark done

Events (20 events):
Event: 1.920 loading class java/security/Permissions
Event: 1.920 loading class java/security/Permissions done
Event: 1.920 loading class java/lang/RuntimePermission
Event: 1.920 loading class java/lang/RuntimePermission done
Event: 1.920 loading class java/security/BasicPermissionCollection
Event: 1.920 loading class java/security/BasicPermissionCollection done
Event: 1.920 loading class java/security/AllPermission
Event: 1.920 loading class java/security/AllPermission done
Event: 1.920 loading class java/security/UnresolvedPermission
Event: 1.920 loading class java/security/UnresolvedPermission done
Event: 1.920 loading class java/security/SecureClassLoader$DebugHolder
Event: 1.920 loading class java/security/SecureClassLoader$DebugHolder done
Event: 1.920 loading class sun/security/util/Debug
Event: 1.920 loading class sun/security/util/Debug done
Event: 1.920 loading class java/lang/PublicMethods$MethodList
Event: 1.920 loading class java/lang/PublicMethods$MethodList done
Event: 1.920 loading class java/lang/PublicMethods$Key
Event: 1.920 loading class java/lang/PublicMethods$Key done
Event: 1.921 loading class java/lang/Void
Event: 1.921 loading class java/lang/Void done


Dynamic libraries:
0x00007ff7a1700000 - 0x00007ff7a170e000 	D:\eclipse_java\plugins\org.eclipse.justj.openjdk.hotspot.jre.full.win32.x86_64_17.0.3.v20220515-1416\jre\bin\javaw.exe
0x00007ff9be4d0000 - 0x00007ff9be6e4000 	C:\windows\SYSTEM32\ntdll.dll
0x00007ff9bca70000 - 0x00007ff9bcb34000 	C:\windows\System32\KERNEL32.DLL
0x00007ff9bbdb0000 - 0x00007ff9bc154000 	C:\windows\System32\KERNELBASE.dll
0x00007ff9bb8b0000 - 0x00007ff9bb9c1000 	C:\windows\System32\ucrtbase.dll
0x00007ff9ace50000 - 0x00007ff9ace68000 	D:\eclipse_java\plugins\org.eclipse.justj.openjdk.hotspot.jre.full.win32.x86_64_17.0.3.v20220515-1416\jre\bin\jli.dll
0x00007ff9aca60000 - 0x00007ff9aca79000 	D:\eclipse_java\plugins\org.eclipse.justj.openjdk.hotspot.jre.full.win32.x86_64_17.0.3.v20220515-1416\jre\bin\VCRUNTIME140.dll
0x00007ff999e30000 - 0x00007ff99a0bf000 	C:\windows\WinSxS\amd64_microsoft.windows.common-controls_6595b64144ccf1df_6.0.22621.2070_none_2713e6537381f706\COMCTL32.dll
0x00007ff9bd370000 - 0x00007ff9bd51a000 	C:\windows\System32\USER32.dll
0x00007ff9bbc10000 - 0x00007ff9bbc36000 	C:\windows\System32\win32u.dll
0x00007ff9bcb40000 - 0x00007ff9bcbe7000 	C:\windows\System32\msvcrt.dll
0x00007ff9bd530000 - 0x00007ff9bd559000 	C:\windows\System32\GDI32.dll
0x00007ff9bbaf0000 - 0x00007ff9bbc09000 	C:\windows\System32\gdi32full.dll
0x00007ff9bb9d0000 - 0x00007ff9bba6a000 	C:\windows\System32\msvcp_win.dll
0x00007ff9bc630000 - 0x00007ff9bc661000 	C:\windows\System32\IMM32.DLL
0x00007ff9b8c70000 - 0x00007ff9b8c7c000 	D:\eclipse_java\plugins\org.eclipse.justj.openjdk.hotspot.jre.full.win32.x86_64_17.0.3.v20220515-1416\jre\bin\vcruntime140_1.dll
0x00007ff99f730000 - 0x00007ff99f7c1000 	D:\eclipse_java\plugins\org.eclipse.justj.openjdk.hotspot.jre.full.win32.x86_64_17.0.3.v20220515-1416\jre\bin\msvcp140.dll
0x00007ff9888a0000 - 0x00007ff9894e8000 	D:\eclipse_java\plugins\org.eclipse.justj.openjdk.hotspot.jre.full.win32.x86_64_17.0.3.v20220515-1416\jre\bin\server\jvm.dll
0x00007ff9bc670000 - 0x00007ff9bc720000 	C:\windows\System32\ADVAPI32.dll
0x00007ff9bd2c0000 - 0x00007ff9bd366000 	C:\windows\System32\sechost.dll
0x00007ff9bcd20000 - 0x00007ff9bce37000 	C:\windows\System32\RPCRT4.dll
0x00007ff9bc880000 - 0x00007ff9bc888000 	C:\windows\System32\PSAPI.DLL
0x00007ff9b8bb0000 - 0x00007ff9b8bb9000 	C:\windows\SYSTEM32\WSOCK32.dll
0x00007ff9b5b20000 - 0x00007ff9b5b2a000 	C:\windows\SYSTEM32\VERSION.dll
0x00007ff9ab450000 - 0x00007ff9ab484000 	C:\windows\SYSTEM32\WINMM.dll
0x00007ff9bc990000 - 0x00007ff9bca01000 	C:\windows\System32\WS2_32.dll
0x00007ff9ba990000 - 0x00007ff9ba9a8000 	C:\windows\SYSTEM32\kernel.appcore.dll
0x00007ff9b68e0000 - 0x00007ff9b68ea000 	D:\eclipse_java\plugins\org.eclipse.justj.openjdk.hotspot.jre.full.win32.x86_64_17.0.3.v20220515-1416\jre\bin\jimage.dll
0x00007ff9aa2e0000 - 0x00007ff9aa50e000 	C:\windows\SYSTEM32\DBGHELP.DLL
0x00007ff9bd7f0000 - 0x00007ff9bdb7a000 	C:\windows\System32\combase.dll
0x00007ff9be3b0000 - 0x00007ff9be487000 	C:\windows\System32\OLEAUT32.dll
0x00007ff9a9cc0000 - 0x00007ff9a9cf2000 	C:\windows\SYSTEM32\dbgcore.DLL
0x00007ff9bba70000 - 0x00007ff9bbaea000 	C:\windows\System32\bcryptPrimitives.dll
0x00007ff99e440000 - 0x00007ff99e465000 	D:\eclipse_java\plugins\org.eclipse.justj.openjdk.hotspot.jre.full.win32.x86_64_17.0.3.v20220515-1416\jre\bin\java.dll
0x00007ff99e420000 - 0x00007ff99e438000 	D:\eclipse_java\plugins\org.eclipse.justj.openjdk.hotspot.jre.full.win32.x86_64_17.0.3.v20220515-1416\jre\bin\zip.dll
0x00007ff9bdb90000 - 0x00007ff9be3a6000 	C:\windows\System32\SHELL32.dll
0x00007ff9b9880000 - 0x00007ff9ba16a000 	C:\windows\SYSTEM32\windows.storage.dll
0x00007ff9b9740000 - 0x00007ff9b987e000 	C:\windows\SYSTEM32\wintypes.dll
0x00007ff9bc780000 - 0x00007ff9bc873000 	C:\windows\System32\SHCORE.dll
0x00007ff9bca10000 - 0x00007ff9bca6e000 	C:\windows\System32\shlwapi.dll
0x00007ff9bb7e0000 - 0x00007ff9bb806000 	C:\windows\SYSTEM32\profapi.dll

dbghelp: loaded successfully - version: 4.0.5 - missing functions: none
symbol engine: initialized successfully - sym options: 0x614 - pdb path: .;D:\eclipse_java\plugins\org.eclipse.justj.openjdk.hotspot.jre.full.win32.x86_64_17.0.3.v20220515-1416\jre\bin;C:\windows\SYSTEM32;C:\windows\WinSxS\amd64_microsoft.windows.common-controls_6595b64144ccf1df_6.0.22621.2070_none_2713e6537381f706;D:\eclipse_java\plugins\org.eclipse.justj.openjdk.hotspot.jre.full.win32.x86_64_17.0.3.v20220515-1416\jre\bin\server

VM Arguments:
jvm_args: -Dfile.encoding=UTF-8 -XX:+ShowCodeDetailsInExceptionMessages 
java_command: method.tt
java_class_path (initial): D:\workspace_java7\JAVA0817\bin
Launcher Type: SUN_STANDARD

[Global flags]
     intx CICompilerCount                          = 12                                        {product} {ergonomic}
     uint ConcGCThreads                            = 3                                         {product} {ergonomic}
     uint G1ConcRefinementThreads                  = 13                                        {product} {ergonomic}
   size_t G1HeapRegionSize                         = 2097152                                   {product} {ergonomic}
    uintx GCDrainStackTargetSize                   = 64                                        {product} {ergonomic}
   size_t InitialHeapSize                          = 264241152                                 {product} {ergonomic}
   size_t MarkStackSize                            = 4194304                                   {product} {ergonomic}
   size_t MaxHeapSize                              = 4213178368                                {product} {ergonomic}
   size_t MaxNewSize                               = 2527068160                                {product} {ergonomic}
   size_t MinHeapDeltaBytes                        = 2097152                                   {product} {ergonomic}
   size_t MinHeapSize                              = 8388608                                   {product} {ergonomic}
    uintx NonNMethodCodeHeapSize                   = 7602480                                {pd product} {ergonomic}
    uintx NonProfiledCodeHeapSize                  = 122027880                              {pd product} {ergonomic}
    uintx ProfiledCodeHeapSize                     = 122027880                              {pd product} {ergonomic}
    uintx ReservedCodeCacheSize                    = 251658240                              {pd product} {ergonomic}
     bool SegmentedCodeCache                       = true                                      {product} {ergonomic}
     bool ShowCodeDetailsInExceptionMessages       = true                                   {manageable} {command line}
   size_t SoftMaxHeapSize                          = 4213178368                             {manageable} {ergonomic}
     bool UseCompressedClassPointers               = true                           {product lp64_product} {ergonomic}
     bool UseCompressedOops                        = true                           {product lp64_product} {ergonomic}
     bool UseG1GC                                  = true                                      {product} {ergonomic}
     bool UseLargePagesIndividualAllocation        = false                                  {pd product} {ergonomic}

Logging:
Log output configuration:
 #0: stdout all=warning uptime,level,tags
 #1: stderr all=off uptime,level,tags

Environment Variables:
PATH=D:/eclipse_java//plugins/org.eclipse.justj.openjdk.hotspot.jre.full.win32.x86_64_17.0.3.v20220515-1416/jre/bin/server;D:/eclipse_java//plugins/org.eclipse.justj.openjdk.hotspot.jre.full.win32.x86_64_17.0.3.v20220515-1416/jre/bin;C:\windows\system32;C:\windows;C:\windows\System32\Wbem;C:\windows\System32\WindowsPowerShell\v1.0\;C:\windows\System32\OpenSSH\;C:\Program Files\Microsoft SQL Server\150\Tools\Binn\;C:\Program Files\MySQL\MySQL Server 8.0\bin;C:\Program Files\ojdkbuild\java-11-openjdk-11.0.15-1\bin;C:\Program Files\MySQL\MySQL Shell 8.0\bin\;C:\Users\ITWILL\AppData\Local\Microsoft\WindowsApps;C:\Program Files\Bandizip\;C:\Users\ITWILL\AppData\Local\Programs\Microsoft VS Code\bin;D:\eclipse_java;
USERNAME=ITWILL
OS=Windows_NT
PROCESSOR_IDENTIFIER=Intel64 Family 6 Model 167 Stepping 1, GenuineIntel



---------------  S Y S T E M  ---------------

OS:
 Windows 11 , 64 bit Build 22621 (10.0.22621.2070)
OS uptime: 7 days 23:36 hours

CPU: total 16 (initial active 16) (8 cores per cpu, 2 threads per core) family 6 model 167 stepping 1 microcode 0x3c, cx8, cmov, fxsr, ht, mmx, 3dnowpref, sse, sse2, sse3, ssse3, sse4.1, sse4.2, popcnt, lzcnt, tsc, tscinvbit, avx, avx2, aes, erms, clmul, bmi1, bmi2, adx, avx512f, avx512dq, avx512cd, avx512bw, avx512vl, sha, fma, vzeroupper, avx512_vpopcntdq, avx512_vpclmulqdq, avx512_vaes, avx512_vnni, clflush, clflushopt, avx512_vbmi2, avx512_vbmi

Memory: 4k page, system-wide physical 16071M (3M free)
TotalPageFile size 44630M (AvailPageFile size 4M)
current process WorkingSet (physical memory assigned to process): 569M, peak: 606M
current process commit charge ("private bytes"): 669M, peak: 671M

vm_info: OpenJDK 64-Bit Server VM (17.0.3+7) for windows-amd64 JRE (17.0.3+7), built on Apr 19 2022 16:55:35 by "" with MS VC++ 16.7 (VS2019)

END.
